Array
(
    [dni] => Array
        (
            [0] => 198
            [id] => 198
            [1] => 2143
            [codigo_residente] => 2143
            [2] => RUBIO, RICARDO ENRIQUE             
            [apellido] => RUBIO, RICARDO ENRIQUE             
            [3] => 
            [nombres] => 
            [4] => 
            [tipo_documento] => 
            [5] => 14175997
            [numero_documento] => 14175997
            [6] => 120
            [manzana] => 120
            [7] => 22
            [casa] => 22
            [8] => C° RISCO PLATEADO
            [calle] => C° RISCO PLATEADO
            [9] => 1737
            [numero] => 1737
            [10] => 0
            [piso] => 0
            [11] =>      
            [dpto] =>      
            [12] => 
            [cod_postal] => 
            [13] =>                                         
            [telefono] =>                                         
            [14] => mmtohme1892@gmail.com         
            [email] => mmtohme1892@gmail.com         
            [15] => 
            [observaciones] => 
            [16] => 
            [imagen_nombre] => 
            [17] => 1635724800
            [fecha_creado] => 1635724800
            [18] => 
            [fecha_modificado] => 
            [19] => 
            [codigo_facturacion] => 
        )

)
