21:44:12 
insert into clientes_asistencias set codigo_residente="", codigo_facturacion="", apellido="", nombres="", fecha_ingreso="2021-11-24", hora_ingreso="21:44:12";

21:52:04 
insert into clientes_asistencias set 
				id_cliente="",
			 codigo_residente="330",
			 codigo_facturacion="", 
			 apellido="ALTANA, ERICA                      ", 
			 nombres="", 
			 fecha_ingreso="2021-11-24", 
			 hora_ingreso="21:52:04";

21:53:55 
insert into clientes_asistencias set 
				id_cliente="12",
			 codigo_residente="330",
			 codigo_facturacion="", 
			 apellido="ALTANA, ERICA                      ", 
			 nombres="", 
			 fecha_ingreso="2021-11-24", 
			 hora_ingreso="21:53:55";

