SESSION espacios : Array
(
    [__ci_last_regenerate] => 1636551792
    [DNI] => Array
        (
            [COD] => 604
            [NOM] => CONJUNTO LOS CERROS S.A.
            [DOM] => DUPLEX C3-33 UNIDAD 206
            [CPO] => 5539    
            [PVC] => MENDOZA
            [LOC] => CAPITAL
            [CUI] => 111111111111 
            [TEL] => 
            [FPA] => 2
            [TIP] => B
            [ZON] => 0    
            [ACT] => 0  
            [MCC] => .0000
            [MCH] => .0000
            [CTA] => 0
            [NLG] =>           
            [TLI] =>  
            [IVA] => 3
            [TCO] => FT
            [CLC] => 1
            [CPV] => 1
            [OBS] => 
            [DIC] => 0
            [GRP] => 0
            [BLO] => 0
            [PAH] => 0
            [PER] => 0
            [RAN] => 0
            [REC] => 0
            [VEN] => 0
            [NMB] => M
            [E_HD] => 
            [C_HD] => H
            [REGGPR] => G
            [EMG] => 1
            [PDA_A] => 0
            [CMBS] => N
            [TIPORC] => R
            [CALLE] => C° ALMACENES
            [NUMERO] => 528
            [OPE_CAT] => 1481
            [ESTADO] => 3
            [TASAM2] => 0
            [CVTA] => 0
            [FVTA] => 1900-01-01 00:00:00
            [TASA_POR] => 100.0000
            [MAG] => 0
            [CLO] => 0
            [RTA_TOA] => 9
            [ORD_TOA] => 33
            [RTA_ENF] => 0
            [ORD_ENF] => 0
            [CAG] => 0
            [MZNA] => C3
            [CASA] => 33
            [PISO] => C3
            [DEPTO] => 33
            [ID] => 605
            [DNI] => 11111111111
            [TIPO_DNI] => 80
            [TIPO_CONS] => 10
            [M2T] => 300.0000
            [M2C] => .0000
            [ANEXO_MC] => 
            [TORRE] => 0
            [IMP_ALQ] => .0000
            [INC_TAS] => 0
            [DESC_ALQ] => 
            [CBU] => 
            [EMAIL] => 
            [CONTRASENA] => 3cc351dac95b4d744d1f927638161d6e
            [ACTIVACION] => 0
            [CODIGO_ACTIVACION] => 
            [modCBU] => 0
            [RIESGO_FISCAL] => 0
            [BLO_CTA_PROPIA] => 0
            [NotaDescuento] => 
        )

)

