
SELECT
	COD,
	NOM,
	DOM,
	CALLE,
	NUMERO,
	MZNA,
	CASA,
	PISO,
	DEPTO
FROM
	CLIENTES
	where cod like '654'
array: 
Array
(
    [0] => Array
        (
            [COD] => 654
            [NOM] => GIULIANO, LEONARDO M. Y AGUILAR, MARIA A
            [DOM] => DUPLEX A3-08 UNIDAD 181
            [CALLE] => C° CHIMENEA
            [NUMERO] => 631
            [MZNA] => A3
            [CASA] => 08
            [PISO] => A3
            [DEPTO] => 08
        )

)


SELECT
	COD,
	NOM,
	DOM,
	CALLE,
	NUMERO,
	MZNA,
	CASA,
	PISO,
	DEPTO
FROM
	CLIENTES
	where cod like '360'
array: 
Array
(
    [0] => Array
        (
            [COD] => 360
            [NOM] => VILA, MARIA NOEL
            [DOM] => DUPLEX D4-46 UNIDAD 219
            [CALLE] => C° CHIMENEA
            [NUMERO] => 561
            [MZNA] => D4
            [CASA] => 46
            [PISO] => D4
            [DEPTO] => 46
        )

)

